<?xml version="1.0" encoding="UTF-8"?>
<robot generator="Robot 6.1.1 (Python 3.11.4 on win32)" generated="20240429 13:28:22.897" rpa="false" schemaversion="4">
<suite id="s1" name="Device Compatibility Test" source="c:\robotframework\test_webtoon\tests\responsive_test\device_compatibility_test.robot">
<test id="s1-t1" name="Test Responsive Webtoon page iPhone SE" line="9">
<kw name="Open Browser To Webtoon Page" library="keywords">
<kw name="Open Browser" library="SeleniumLibrary">
<arg>${WEBTOON_URL}</arg>
<arg>${BROWSER}</arg>
<doc>Opens a new browser instance to the optional ``url``.</doc>
<msg timestamp="20240429 13:28:23.181" level="INFO">Opening browser 'Chrome' to base url 'https://www.webtoons.com/th/'.</msg>
<status status="PASS" starttime="20240429 13:28:23.181" endtime="20240429 13:28:36.958"/>
</kw>
<kw name="Maximize Browser Window" library="SeleniumLibrary">
<doc>Maximizes current browser window.</doc>
<status status="PASS" starttime="20240429 13:28:36.959" endtime="20240429 13:28:36.995"/>
</kw>
<kw name="Set Selenium Speed" library="SeleniumLibrary">
<arg>${DELAY}</arg>
<doc>Sets the delay that is waited after each Selenium command.</doc>
<status status="PASS" starttime="20240429 13:28:36.995" endtime="20240429 13:28:36.995"/>
</kw>
<kw name="Verify Webtoon Page" library="keywords">
<kw name="Page Should Contain" library="SeleniumLibrary">
<arg>LINE WEBTOON</arg>
<doc>Verifies that current page contains ``text``.</doc>
<msg timestamp="20240429 13:28:37.016" level="INFO">Current page contains text 'LINE WEBTOON'.</msg>
<status status="PASS" starttime="20240429 13:28:36.996" endtime="20240429 13:28:37.017"/>
</kw>
<kw name="Title Should Be" library="SeleniumLibrary">
<arg>LINE WEBTOON - รวมสุดยอดเว็บตูนอันดับ 1 จากทั่วโลก</arg>
<doc>Verifies that the current page title equals ``title``.</doc>
<msg timestamp="20240429 13:28:37.022" level="INFO">Page title is 'LINE WEBTOON - รวมสุดยอดเว็บตูนอันดับ 1 จากทั่วโลก'.</msg>
<status status="PASS" starttime="20240429 13:28:37.017" endtime="20240429 13:28:37.023"/>
</kw>
<status status="PASS" starttime="20240429 13:28:36.996" endtime="20240429 13:28:37.023"/>
</kw>
<status status="PASS" starttime="20240429 13:28:23.180" endtime="20240429 13:28:37.023"/>
</kw>
<kw name="Set Responsive iPhone SE">
<kw name="Set Window Size" library="SeleniumLibrary">
<arg>375</arg>
<arg>667</arg>
<doc>Sets current windows size to given ``width`` and ``height``.</doc>
<status status="PASS" starttime="20240429 13:28:37.024" endtime="20240429 13:28:37.415"/>
</kw>
<status status="PASS" starttime="20240429 13:28:37.024" endtime="20240429 13:28:37.415"/>
</kw>
<kw name="Wait Until Page Contains Element" library="SeleniumLibrary">
<arg>xpath=//*[@id="header"]/div</arg>
<doc>Waits until the element ``locator`` appears on the current page.</doc>
<status status="PASS" starttime="20240429 13:28:37.415" endtime="20240429 13:28:37.428"/>
</kw>
<kw name="Scroll To Bottom">
<kw name="Execute Javascript" library="SeleniumLibrary">
<arg>window.scrollTo(0, document.body.scrollHeight);</arg>
<doc>Executes the given JavaScript code with possible arguments.</doc>
<msg timestamp="20240429 13:28:37.430" level="INFO">Executing JavaScript:
window.scrollTo(0, document.body.scrollHeight);
Without any arguments.</msg>
<status status="PASS" starttime="20240429 13:28:37.429" endtime="20240429 13:28:37.443"/>
</kw>
<status status="PASS" starttime="20240429 13:28:37.429" endtime="20240429 13:28:37.444"/>
</kw>
<status status="PASS" starttime="20240429 13:28:23.179" endtime="20240429 13:28:37.444"/>
</test>
<status status="PASS" starttime="20240429 13:28:22.903" endtime="20240429 13:28:37.446"/>
</suite>
<statistics>
<total>
<stat pass="1" fail="0" skip="0">All Tests</stat>
</total>
<tag>
</tag>
<suite>
<stat pass="1" fail="0" skip="0" id="s1" name="Device Compatibility Test">Device Compatibility Test</stat>
</suite>
</statistics>
<errors>
<msg timestamp="20240429 13:28:23.176" level="ERROR">Error in file 'c:\robotframework\test_webtoon\tests\responsive_test\device_compatibility_test.robot' on line 6: Error in file 'c:\robotframework\test_webtoon\tests\selectcontent_test\test_scroll_cartoon_page.robot' on line 6: Resource file with 'Test Cases' section is invalid.</msg>
</errors>
</robot>
